{
  "RSpec": {
    "coverage": {
      "/Users/maryturpin/turing/4Module/projects/stayOrGo-server/config/environment.rb": {
        "lines": [
          null,
          1,
          null,
          null,
          1
        ]
      },
      "/Users/maryturpin/turing/4Module/projects/stayOrGo-server/config/application.rb": {
        "lines": [
          1,
          null,
          1,
          null,
          1,
          1,
          1,
          1,
          1,
          1,
          1,
          1,
          null,
          null,
          null,
          null,
          null,
          1,
          null,
          1,
          1,
          null,
          1,
          null,
          null,
          null,
          null,
          null,
          null,
          null,
          null,
          null,
          1,
          null,
          null
        ]
      },
      "/Users/maryturpin/turing/4Module/projects/stayOrGo-server/config/boot.rb": {
        "lines": [
          1,
          null,
          1,
          1
        ]
      },
      "/Users/maryturpin/turing/4Module/projects/stayOrGo-server/config/environments/test.rb": {
        "lines": [
          1,
          null,
          null,
          null,
          null,
          null,
          null,
          1,
          null,
          null,
          null,
          null,
          1,
          null,
          null,
          1,
          1,
          null,
          null,
          null,
          null,
          1,
          1,
          null,
          null,
          1,
          null,
          null,
          1,
          null,
          null,
          1,
          null,
          1,
          null,
          null,
          null,
          null,
          1,
          null,
          null,
          1,
          null,
          null,
          null,
          null
        ]
      },
      "/Users/maryturpin/turing/4Module/projects/stayOrGo-server/config/initializers/application_controller_renderer.rb": {
        "lines": [
          null,
          null,
          null,
          null,
          null,
          null,
          null,
          null
        ]
      },
      "/Users/maryturpin/turing/4Module/projects/stayOrGo-server/config/initializers/backtrace_silencers.rb": {
        "lines": [
          null,
          null,
          null,
          null,
          null,
          null,
          null
        ]
      },
      "/Users/maryturpin/turing/4Module/projects/stayOrGo-server/config/initializers/cors.rb": {
        "lines": [
          null,
          null,
          null,
          null,
          null,
          null,
          null,
          null,
          null,
          null,
          null,
          null,
          null,
          null,
          null,
          null
        ]
      },
      "/Users/maryturpin/turing/4Module/projects/stayOrGo-server/config/initializers/filter_parameter_logging.rb": {
        "lines": [
          null,
          null,
          null,
          1
        ]
      },
      "/Users/maryturpin/turing/4Module/projects/stayOrGo-server/config/initializers/inflections.rb": {
        "lines": [
          null,
          null,
          null,
          null,
          null,
          null,
          null,
          null,
          null,
          null,
          null,
          null,
          null,
          null,
          null,
          null
        ]
      },
      "/Users/maryturpin/turing/4Module/projects/stayOrGo-server/config/initializers/mime_types.rb": {
        "lines": [
          null,
          null,
          null,
          null
        ]
      },
      "/Users/maryturpin/turing/4Module/projects/stayOrGo-server/config/initializers/wrap_parameters.rb": {
        "lines": [
          null,
          null,
          null,
          null,
          null,
          null,
          1,
          2,
          null,
          null,
          null,
          null,
          null,
          null
        ]
      },
      "/Users/maryturpin/turing/4Module/projects/stayOrGo-server/config/routes.rb": {
        "lines": [
          1,
          null,
          null,
          1,
          1,
          1,
          null,
          null,
          null
        ]
      },
      "/Users/maryturpin/turing/4Module/projects/stayOrGo-server/app/facades/nws_facade.rb": {
        "lines": [
          1,
          1,
          4,
          4,
          2,
          null,
          2,
          2,
          null,
          null,
          null,
          null
        ]
      },
      "/Users/maryturpin/turing/4Module/projects/stayOrGo-server/spec/models/user_spec.rb": {
        "lines": [
          1,
          null,
          1,
          null,
          1,
          2,
          2,
          null,
          null
        ]
      },
      "/Users/maryturpin/turing/4Module/projects/stayOrGo-server/app/models/user.rb": {
        "lines": [
          1,
          1,
          1,
          1,
          null
        ]
      },
      "/Users/maryturpin/turing/4Module/projects/stayOrGo-server/app/models/application_record.rb": {
        "lines": [
          1,
          1,
          null
        ]
      },
      "/Users/maryturpin/turing/4Module/projects/stayOrGo-server/spec/requests/api/v1/weather_controller_spec.rb": {
        "lines": [
          1,
          null,
          1,
          1,
          1,
          null,
          1,
          null,
          1,
          null,
          1,
          null,
          1,
          1,
          1,
          1,
          1,
          1,
          1,
          1,
          1,
          1,
          null,
          null,
          1,
          1,
          null,
          1,
          null,
          1,
          null,
          1,
          1,
          null,
          null
        ]
      },
      "/Users/maryturpin/turing/4Module/projects/stayOrGo-server/spec/services/NWS_service_spec.rb": {
        "lines": [
          1,
          null,
          1,
          1,
          1,
          1,
          null,
          1,
          null,
          null
        ]
      },
      "/Users/maryturpin/turing/4Module/projects/stayOrGo-server/app/services/nws_service.rb": {
        "lines": [
          1,
          null,
          1,
          5,
          5,
          5,
          5,
          5,
          5,
          null,
          5,
          null,
          null,
          1,
          null,
          1,
          5,
          null,
          null
        ]
      },
      "/Users/maryturpin/turing/4Module/projects/stayOrGo-server/app/poros/disaster.rb": {
        "lines": [
          1,
          1,
          null,
          1,
          2,
          2,
          2,
          2,
          2,
          2,
          2,
          2,
          null,
          null
        ]
      },
      "/Users/maryturpin/turing/4Module/projects/stayOrGo-server/app/controllers/api/v1/weather_controller.rb": {
        "lines": [
          1,
          1,
          2,
          2,
          null,
          2,
          1,
          null,
          1,
          null,
          null,
          null
        ]
      },
      "/Users/maryturpin/turing/4Module/projects/stayOrGo-server/app/controllers/application_controller.rb": {
        "lines": [
          1,
          null
        ]
      },
      "/Users/maryturpin/turing/4Module/projects/stayOrGo-server/app/serializer/nws_serializer.rb": {
        "lines": [
          1,
          null,
          1,
          null,
          1,
          null,
          1,
          null,
          null,
          null,
          null,
          null,
          null,
          null,
          null,
          null,
          null,
          null,
          null,
          null,
          null,
          null,
          null
        ]
      }
    },
    "timestamp": 1666112830
  }
}
